make all --print-data-base --no-builtin-variables --no-builtin-rules --question
# GNU Make 3.81
# Copyright (C) 2006  Free Software Foundation, Inc.
# This is free software; see the source for copying conditions.
# There is NO warranty; not even for MERCHANTABILITY or FITNESS FOR A
# PARTICULAR PURPOSE.

# This program built for i386-apple-darwin11.3.0
 
make: *** No rule to make target `all'.  Stop.


# Make data base, printed on Tue Jul 19 16:13:30 2022

# Variables

# automatic
<D = $(patsubst %/,%,$(dir $<))
# automatic
?F = $(notdir $?)
# environment
ELECTRON_NO_ATTACH_CONSOLE = 1
# environment
PROVIDE_FULLSTACK_ACTION = true
# automatic
?D = $(patsubst %/,%,$(dir $?))
# automatic
@D = $(patsubst %/,%,$(dir $@))
# automatic
@F = $(notdir $@)
# makefile
CURDIR := /Users/dimakis/redhat/app-services-cli
# makefile (from `Makefile', line 2)
SHELL = bash
# environment
VSCODE_NLS_CONFIG = {"locale":"en-gb","availableLanguages":{},"_languagePackSupport":true}
# environment
_ = /usr/bin/make
# makefile (from `Makefile', line 11)
BUILD_SOURCE = "local"
# environment
GVM_ROOT = /Users/dimakis/.gvm
# makefile (from `Makefile', line 1)
MAKEFILE_LIST :=  Makefile
# makefile (from `Makefile', line 36)
GO111MODULE = on
# environment
VSCODE_AMD_ENTRYPOINT = vs/workbench/api/node/extensionHostProcess
# environment
__CFBundleIdentifier = com.microsoft.VSCode
# environment
INFOPATH = /opt/homebrew/share/info:
# environment
GVM_PATH_BACKUP = /Users/dimakis/.gvm/bin:/Users/dimakis/.gvm/bin:/Users/dimakis/opt/anaconda3/bin:/Users/dimakis/opt/anaconda3/condabin:/opt/homebrew/bin:/opt/homebrew/sbin:/usr/local/bin:/usr/bin:/bin:/usr/sbin:/sbin:/User/dimakis/bin:/usr/local/go/bin:/usr/local/munki:/opt/homebrew/opt/fzf/bin:/Users/dimakis/bin:/Users/dimakis/bin
# environment
VSCODE_CWD = /Users/dimakis/redhat/app-services-cli
# environment
GOPROXY = https://proxy.golang.org,direct
# makefile (from `Makefile', line 5)
RHOAS_VERSION = "dev"
# environment
PATH = /Users/dimakis/.gvm/bin:/Users/dimakis/.gvm/bin:/Users/dimakis/opt/anaconda3/bin:/Users/dimakis/opt/anaconda3/condabin:/opt/homebrew/bin:/opt/homebrew/sbin:/usr/local/bin:/usr/bin:/bin:/usr/sbin:/sbin:/User/dimakis/bin:/usr/local/go/bin:/usr/local/munki:/opt/homebrew/opt/fzf/bin:/Users/dimakis/bin:/Users/dimakis/bin
# environment
LSCOLORS = dxFxCxDxBxegedabagacad
# environment
GOLANG_EXECUTABLE = go
# environment
THREE_SCALE_USER_TOKEN = 207c527cfc2a6b8dcf4fa43ad7a976da
# environment
SDKMAN_CANDIDATES_API = https://api.sdkman.io/2
# environment
GOPATH = /Users/dimakis/go
# makefile (from `Makefile', line 9)
CONSTANTS_URL = "https://console.redhat.com/apps/application-services/service-constants.json"
# environment
LaunchInstanceID = 7469FDC1-5C78-4D80-B1FC-CC2B2899809A
# environment
SDKMAN_PLATFORM = darwinarm64
# environment
ELECTRON_RUN_AS_NODE = 1
# makefile (from `Makefile', line 24)
GO_LDFLAGS := -X github.com/redhat-developer/app-services-cli/internal/build.BuildSource="local" -X github.com/redhat-developer/app-services-cli/internal/build.SSORedirectPath="sso-redhat-callback" -X github.com/redhat-developer/app-services-cli/internal/build.DefaultPageNumber="1" -X github.com/redhat-developer/app-services-cli/internal/build.DefaultPageSize="10" -X github.com/redhat-developer/app-services-cli/internal/build.DynamicConfigURL="https://console.redhat.com/apps/application-services/service-constants.json" -X github.com/redhat-developer/app-services-cli/internal/build.RepositoryName="app-services-cli" -X github.com/redhat-developer/app-services-cli/internal/build.RepositoryOwner="redhat-developer" -X github.com/redhat-developer/app-services-cli/internal/build.Version="dev" 
# default
.FEATURES := target-specific order-only second-expansion else-if archives jobserver check-symlink
# environment
UUID = ca29870d-163e-43be-8e47-488294b89383
# environment
SSH_AUTH_SOCK = /private/tmp/com.apple.launchd.XTLZpJmV4s/Listeners
# automatic
%F = $(notdir $%)
# environment
CONDA_EXE = /Users/dimakis/opt/anaconda3/bin/conda
# environment
SDKMAN_DIR = /Users/dimakis/.sdkman
# environment
PWD = /Users/dimakis/redhat/app-services-cli
# makefile (from `Makefile', line 10)
SSO_REDIRECT_PATH = "sso-redhat-callback"
# environment
HOMEBREW_CELLAR = /opt/homebrew/Cellar
# environment
ORIGINAL_XDG_CURRENT_DESKTOP = undefined
# environment
MANPATH = /opt/homebrew/share/man::
# environment
GOMODCACHE = /Users/dimakis/go/pkg/mod
# environment
HOME = /Users/dimakis
# default
MAKEFILEPATH = $(shell /usr/bin/xcode-select -print-path 2>/dev/null || echo /Developer)/Makefiles
# environment
VSCODE_CLI = 1
# makefile (from `Makefile', line 85)
I18N_LINTER_DEF := 
# environment
VSCODE_CODE_CACHE_PATH = /Users/dimakis/Library/Application Support/Code/CachedData/b06ae3b2d2dbfe28bca3134cc6be65935cdfea6a
# environment
LOGNAME = dimakis
# environment
APPLICATION_INSIGHTS_NO_DIAGNOSTIC_CHANNEL = 1
# makefile (from `Makefile', line 15)
DEFAULT_PAGE_SIZE = "10"
# environment
CONDA_PROMPT_MODIFIER = (base) 
# environment
TELEMETRY_ID = d66d9b92-326d-4843-a286-9d516d155aef
# environment
ZSH = /Users/dimakis/.oh-my-zsh
# environment
VSCODE_HANDLES_UNCAUGHT_ERRORS = true
# automatic
^D = $(patsubst %/,%,$(dir $^))
# makefile (from `Makefile', line 14)
DEFAULT_PAGE_NUMBER = "1"
# environment
GVM_VERSION = 1.0.22
# environment
CONDA_DEFAULT_ENV = base
# environment
XPC_FLAGS = 0x0
# environment
SDKMAN_VERSION = 5.15.0
# environment
COLORTERM = truecolor
# default
MAKE = $(MAKE_COMMAND)
# environment
LC_TERMINAL = iTerm2
# environment
SHLVL = 3
# default
MAKE_VERSION := 3.81
# environment
USER = dimakis
# makefile (from `Makefile', line 1)
.DEFAULT_GOAL := binary
# default
MAKECMDGOALS := all
# environment
TERM_SESSION_ID = w1t3p0:1030F00E-CADF-4E12-B277-B8C9EBDF921B
# environment
LESS = -R
# automatic
%D = $(patsubst %/,%,$(dir $%))
# environment
CONDA_SHLVL = 1
# default
MAKE_COMMAND := /Library/Developer/CommandLineTools/usr/bin/make
# environment
UTM_SOURCE = vscode
# environment
TERM_PROGRAM = iTerm.app
# default
.VARIABLES := 
# environment
TMPDIR = /var/folders/cc/h0t61t2s4qz9lrpbtk954fz80000gn/T/
# automatic
*F = $(notdir $*)
# environment
VSCODE_IPC_HOOK = /Users/dimakis/Library/Application Support/Code/1.69.1-main.sock
# environment
MallocNanoZone = 0
# makefile (from `Makefile', line 33)
binary := rhoas
# makefile
MAKEFLAGS = Rrqp
# environment
MFLAGS = -Rrqp
# automatic
*D = $(patsubst %/,%,$(dir $*))
# environment
TERM_PROGRAM_VERSION = 3.4.15
# environment
XPC_SERVICE_NAME = application.com.microsoft.VSCode.6760907.6760913.0817CEF3-ED67-46FE-A990-603D0B9E77FC
# environment
LC_TERMINAL_VERSION = 3.4.15
# environment
HOMEBREW_PREFIX = /opt/homebrew
# automatic
+D = $(patsubst %/,%,$(dir $+))
# environment
RECOMMENDER_API_URL = https://gw.api.openshift.io//api/v2
# automatic
+F = $(notdir $+)
# environment
ITERM_SESSION_ID = w1t3p0:1030F00E-CADF-4E12-B277-B8C9EBDF921B
# environment
HOMEBREW_REPOSITORY = /opt/homebrew
# environment
COLORFGBG = 7;0
# environment
__CF_USER_TEXT_ENCODING = 0x1F5:0:2
# environment
COMMAND_MODE = unix2003
# default
MAKEFILES := 
# automatic
<F = $(notdir $<)
# environment
ITERM_PROFILE = dimakis
# makefile (from `Makefile', line 7)
REPOSITORY_NAME = "app-services-cli"
# environment
SDKMAN_CANDIDATES_DIR = /Users/dimakis/.sdkman/candidates
# environment
EDITOR = vim
# environment
PAGER = less
# environment
LC_ALL = C
# makefile (from `Makefile', line 6)
REPOSITORY_OWNER = "redhat-developer"
# environment
CONDA_PYTHON_EXE = /Users/dimakis/opt/anaconda3/bin/python
# environment
SECURITYSESSIONID = 186b3
# automatic
^F = $(notdir $^)
# default
SUFFIXES := 
# makefile (from `Makefile', line 26)
BUILDFLAGS := 
# environment
_CE_M = 
# environment
MAKELEVEL := 0
# environment
CLICOLOR = 1
# environment
CONDA_PREFIX = /Users/dimakis/opt/anaconda3
# environment
TERM = xterm-256color
# environment
VSCODE_PID = 74551
# environment
_CE_CONDA = 
# environment
LANG = C
# variable set hash-table stats:
# Load=121/1024=12%, Rehash=0, Collisions=12/180=7%

# Pattern-specific Variable Values

# No pattern-specific variable values.

# Directories

# . (device 16777232, inode 1509852): 28 files, no impossibilities.

# 28 files, no impossibilities in 1 directories.

# Implicit Rules

# No implicit rules.

# Files

# Not a target:
all:
#  Command-line target.
#  Implicit rule search has been done.
#  File does not exist.
#  File has not been updated.
# variable set hash-table stats:
# Load=0/32=0%, Rehash=0, Collisions=0/0=0%

 
.PHONY: binary install test start-mock-api format check-docs generate-docs generate-downstream-docs lint-lang help
#  Implicit rule search has not been done.
#  Modification time never checked.
#  File has not been updated.

check-docs: generate-docs
#  Phony target (prerequisite of .PHONY).
#  Implicit rule search has not been done.
#  File does not exist.
#  File has not been updated.
#  commands to execute (from `Makefile', line 72):
	./scripts/check-docs.sh
	

# Not a target:
.SUFFIXES:
#  Implicit rule search has not been done.
#  Modification time never checked.
#  File has not been updated.

format:
#  Phony target (prerequisite of .PHONY).
#  Implicit rule search has not been done.
#  File does not exist.
#  File has not been updated.
#  commands to execute (from `Makefile', line 66):
	@go mod tidy
	@gofmt -w `find . -type f -name '*.go'`
	

# Not a target:
Makefile:
#  Implicit rule search has been done.
#  Last modified 2022-07-13 14:15:47
#  File has been updated.
#  Successfully updated.
# variable set hash-table stats:
# Load=0/32=0%, Rehash=0, Collisions=0/0=0%

generate-downstream-docs:
#  Phony target (prerequisite of .PHONY).
#  Implicit rule search has not been done.
#  File does not exist.
#  File has not been updated.
#  commands to execute (from `Makefile', line 81):
	rm -rf ./docs/commands/*
	go run ./cmd/rhoas docs --dir ./dist --file-format adoc
	

test:
#  Phony target (prerequisite of .PHONY).
#  Implicit rule search has not been done.
#  File does not exist.
#  File has not been updated.
#  commands to execute (from `Makefile', line 57):
	go test ./pkg/... ./internal/...
	

start-mock-api:
#  Phony target (prerequisite of .PHONY).
#  Implicit rule search has not been done.
#  File does not exist.
#  File has not been updated.
#  commands to execute (from `Makefile', line 61):
	npm install -g @rhoas/api-mock
	asapi --pre-seed
	

help:
#  Phony target (prerequisite of .PHONY).
#  Implicit rule search has not been done.
#  File does not exist.
#  File has not been updated.
#  commands to execute (from `Makefile', line 96):
	@awk 'BEGIN {FS = ":.*?## "} /^[a-zA-Z_-]+:.*?## / {printf "\033[36m%-30s\033[0m %s\n", $$1, $$2}' $(MAKEFILE_LIST)
	

generate:
#  Implicit rule search has not been done.
#  Modification time never checked.
#  File has not been updated.
#  commands to execute (from `Makefile', line 44):
	go generate ./...
	

# Not a target:
.DEFAULT:
#  Implicit rule search has not been done.
#  Modification time never checked.
#  File has not been updated.

binary:
#  Phony target (prerequisite of .PHONY).
#  Implicit rule search has not been done.
#  File does not exist.
#  File has not been updated.
#  commands to execute (from `Makefile', line 49):
	go build $(BUILDFLAGS) -ldflags "${GO_LDFLAGS}" -o ${binary} ./cmd/rhoas
	

lint-lang:
#  Phony target (prerequisite of .PHONY).
#  Implicit rule search has not been done.
#  File does not exist.
#  File has not been updated.
#  commands to execute (from `Makefile', line 89):
	go install github.com/redhat-developer/app-services-go-linter/cmd/app-services-go-linter@latest
	app-services-go-linter -path ./pkg/core/localize/locales ./...
	

lint: lint-lang
#  Implicit rule search has not been done.
#  Modification time never checked.
#  File has not been updated.
#  commands to execute (from `Makefile', line 41):
	golangci-lint run cmd/... pkg/... internal/...
	

generate-docs:
#  Phony target (prerequisite of .PHONY).
#  Implicit rule search has not been done.
#  File does not exist.
#  File has not been updated.
#  commands to execute (from `Makefile', line 76):
	rm -rf ./docs/commands/*.md
	go run ./cmd/rhoas docs --dir ./docs/commands --file-format md
	

install:
#  Phony target (prerequisite of .PHONY).
#  Implicit rule search has not been done.
#  File does not exist.
#  File has not been updated.
#  commands to execute (from `Makefile', line 53):
	go install -trimpath $(BUILDFLAGS) -ldflags "${GO_LDFLAGS}" ./cmd/rhoas
	

# files hash-table stats:
# Load=17/1024=2%, Rehash=0, Collisions=1/50=2%
# VPATH Search Paths

# No `vpath' search paths.

# No general (`VPATH' variable) search path.

# # of strings in strcache: 1
# # of strcache buffers: 1
# strcache size: total = 4096 / max = 4096 / min = 4096 / avg = 4096
# strcache free: total = 4087 / max = 4087 / min = 4087 / avg = 4087

# Finished Make data base on Tue Jul 19 16:13:30 2022

 
